0
1
2
[GIN-debug] [WARNING] Creating an Engine instance with the Logger and Recovery middleware already attached.

[GIN-debug] [WARNING] Running in "debug" mode. Switch to "release" mode in production.
 - using env:	export GIN_MODE=release
 - using code:	gin.SetMode(gin.ReleaseMode)

face engine start success
Image path is:  resources/images/zhou.jpg
has 1 faces
0 shape [485:798] 1 shape [488:883] 2 shape [501:966] 3 shape [513:1051] 4 shape [535:1137] 5 shape [584:1210] 6 shape [653:1271] 7 shape [730:1316] 8 shape [815:1329] 9 shape [899:1317] 10 shape [973:1271] 11 shape [1037:1212] 12 shape [1085:1141] 13 shape [1110:1059] 14 shape [1125:974] 15 shape [1138:892] 16 shape [1145:810] 17 shape [551:754] 18 shape [598:716] 19 shape [660:709] 20 shape [719:719] 21 shape [779:741] 22 shape [875:739] 23 shape [933:717] 24 shape [993:708] 25 shape [1050:720] 26 shape [1091:760] 27 shape [831:801] 28 shape [832:852] 29 shape [834:904] 30 shape [835:959] 31 shape [767:1009] 32 shape [797:1014] 33 shape [829:1021] 34 shape [858:1014] 35 shape [886:1008] 36 shape [624:811] 37 shape [661:796] 38 shape [700:795] 39 shape [730:816] 40 shape [696:823] 41 shape [658:823] 42 shape [915:816] 43 shape [948:796] 44 shape [987:795] 45 shape [1020:812] 46 shape [989:823] 47 shape [951:824] 48 shape [700:1122] 49 shape [755:1100] 50 shape [800:1083] 51 shape [827:1092] 52 shape [855:1083] 53 shape [894:1101] 54 shape [938:1125] 55 shape [893:1155] 56 shape [856:1167] 57 shape [825:1170] 58 shape [795:1166] 59 shape [750:1153] 60 shape [720:1124] 61 shape [798:1118] 62 shape [826:1120] 63 shape [855:1117] 64 shape [918:1128] 65 shape [855:1121] 66 shape [826:1124] 67 shape [798:1121] [GIN-debug] GET    /faces/                   --> FaceRecognition/controllers.FaceController.GetAll-fm (3 handlers)
[GIN-debug] PUT    /faces/:id                --> FaceRecognition/controllers.FaceController.Update-fm (3 handlers)
[GIN-debug] DELETE /faces/:id                --> FaceRecognition/controllers.FaceController.Delete-fm (3 handlers)
[GIN-debug] POST   /faces/                   --> FaceRecognition/controllers.FaceController.Create-fm (3 handlers)
[GIN-debug] POST   /faces/uploadImage/       --> FaceRecognition/controllers.FaceController.UpLoad-fm (3 handlers)
[GIN-debug] POST   /faces/recognition        --> FaceRecognition/controllers.FaceController.Recognize-fm (3 handlers)
i am server
[GIN-debug] [WARNING] You trusted all proxies, this is NOT safe. We recommend you to set a value.
Please check https://pkg.go.dev/github.com/gin-gonic/gin#readme-don-t-trust-all-proxies for details.
[GIN-debug] Listening and serving HTTP on :8000
[GIN-debug] [ERROR] listen tcp :8000: bind: address already in use
